<?xml version="1.0" encoding="UTF-8"?>
<!-- Generated by org.testng.reporters.JUnitReportReporter -->
<testsuite skipped="0" hostname="DESKTOP-K1IHAQB" name="gov.nasa.tests.NasaApiTests" tests="8" failures="0" timestamp="07 Aug 2017 04:56:43 GMT" time="4.271" errors="8">
  <testcase name="searchTestValue" time="0.056" classname="gov.nasa.tests.NasaApiTests">
    <error type="org.springframework.web.client.HttpClientErrorException" message="429 null">
      <![CDATA[org.springframework.web.client.HttpClientErrorException: 429 null
	at org.springframework.web.client.DefaultResponseErrorHandler.handleError(DefaultResponseErrorHandler.java:63)
	at org.springframework.web.client.RestTemplate.handleResponse(RestTemplate.java:700)
	at org.springframework.web.client.RestTemplate.doExecute(RestTemplate.java:653)
	at org.springframework.web.client.RestTemplate.execute(RestTemplate.java:628)
	at org.springframework.web.client.RestTemplate.exchange(RestTemplate.java:590)
	at gov.nasa.tests.support.api.ApiService.getResponse(ApiService.java:35)
	at gov.nasa.tests.service.NasaSoundApiService.getResponse(NasaSoundApiService.java:42)
	at gov.nasa.tests.NasaApiTests.searchTestValue(NasaApiTests.java:183)
	at sun.reflect.NativeMethodAccessorImpl.invoke0(Native Method)
	at sun.reflect.NativeMethodAccessorImpl.invoke(NativeMethodAccessorImpl.java:62)
	at sun.reflect.DelegatingMethodAccessorImpl.invoke(DelegatingMethodAccessorImpl.java:43)
	at java.lang.reflect.Method.invoke(Method.java:498)
	at org.testng.internal.MethodInvocationHelper.invokeMethod(MethodInvocationHelper.java:108)
	at org.testng.internal.MethodInvocationHelper$1.runTestMethod(MethodInvocationHelper.java:209)
	at org.springframework.test.context.testng.AbstractTestNGSpringContextTests.run(AbstractTestNGSpringContextTests.java:175)
	at org.testng.internal.MethodInvocationHelper.invokeHookable(MethodInvocationHelper.java:221)
	at org.testng.internal.Invoker.invokeMethod(Invoker.java:657)
	at org.testng.internal.Invoker.invokeTestMethod(Invoker.java:869)
	at org.testng.internal.Invoker.invokeTestMethods(Invoker.java:1193)
	at org.testng.internal.TestMethodWorker.invokeTestMethods(TestMethodWorker.java:126)
	at org.testng.internal.TestMethodWorker.run(TestMethodWorker.java:109)
	at java.util.concurrent.ThreadPoolExecutor.runWorker(ThreadPoolExecutor.java:1142)
	at java.util.concurrent.ThreadPoolExecutor$Worker.run(ThreadPoolExecutor.java:617)
	at java.lang.Thread.run(Thread.java:745)
]]>
    </error>
  </testcase> <!-- searchTestValue -->
  <testcase name="searchTestWithLimitResponseCode" time="0.086" classname="gov.nasa.tests.NasaApiTests">
    <error type="org.springframework.web.client.HttpClientErrorException" message="429 null">
      <![CDATA[org.springframework.web.client.HttpClientErrorException: 429 null
	at org.springframework.web.client.DefaultResponseErrorHandler.handleError(DefaultResponseErrorHandler.java:63)
	at org.springframework.web.client.RestTemplate.handleResponse(RestTemplate.java:700)
	at org.springframework.web.client.RestTemplate.doExecute(RestTemplate.java:653)
	at org.springframework.web.client.RestTemplate.execute(RestTemplate.java:628)
	at org.springframework.web.client.RestTemplate.exchange(RestTemplate.java:590)
	at gov.nasa.tests.support.api.ApiService.getStatusCode(ApiService.java:47)
	at gov.nasa.tests.service.NasaSoundApiService.getResponseCode(NasaSoundApiService.java:85)
	at gov.nasa.tests.NasaApiTests.searchTestWithLimitResponseCode(NasaApiTests.java:290)
	at sun.reflect.NativeMethodAccessorImpl.invoke0(Native Method)
	at sun.reflect.NativeMethodAccessorImpl.invoke(NativeMethodAccessorImpl.java:62)
	at sun.reflect.DelegatingMethodAccessorImpl.invoke(DelegatingMethodAccessorImpl.java:43)
	at java.lang.reflect.Method.invoke(Method.java:498)
	at org.testng.internal.MethodInvocationHelper.invokeMethod(MethodInvocationHelper.java:108)
	at org.testng.internal.MethodInvocationHelper$1.runTestMethod(MethodInvocationHelper.java:209)
	at org.springframework.test.context.testng.AbstractTestNGSpringContextTests.run(AbstractTestNGSpringContextTests.java:175)
	at org.testng.internal.MethodInvocationHelper.invokeHookable(MethodInvocationHelper.java:221)
	at org.testng.internal.Invoker.invokeMethod(Invoker.java:657)
	at org.testng.internal.Invoker.invokeTestMethod(Invoker.java:869)
	at org.testng.internal.Invoker.invokeTestMethods(Invoker.java:1193)
	at org.testng.internal.TestMethodWorker.invokeTestMethods(TestMethodWorker.java:126)
	at org.testng.internal.TestMethodWorker.run(TestMethodWorker.java:109)
	at java.util.concurrent.ThreadPoolExecutor.runWorker(ThreadPoolExecutor.java:1142)
	at java.util.concurrent.ThreadPoolExecutor$Worker.run(ThreadPoolExecutor.java:617)
	at java.lang.Thread.run(Thread.java:745)
]]>
    </error>
  </testcase> <!-- searchTestWithLimitResponseCode -->
  <testcase name="searchTestWithLimitValue" time="0.040" classname="gov.nasa.tests.NasaApiTests">
    <error type="org.springframework.web.client.HttpClientErrorException" message="429 null">
      <![CDATA[org.springframework.web.client.HttpClientErrorException: 429 null
	at org.springframework.web.client.DefaultResponseErrorHandler.handleError(DefaultResponseErrorHandler.java:63)
	at org.springframework.web.client.RestTemplate.handleResponse(RestTemplate.java:700)
	at org.springframework.web.client.RestTemplate.doExecute(RestTemplate.java:653)
	at org.springframework.web.client.RestTemplate.execute(RestTemplate.java:628)
	at org.springframework.web.client.RestTemplate.exchange(RestTemplate.java:590)
	at gov.nasa.tests.support.api.ApiService.getResponse(ApiService.java:35)
	at gov.nasa.tests.service.NasaSoundApiService.getResponse(NasaSoundApiService.java:53)
	at gov.nasa.tests.NasaApiTests.searchTestWithLimitValue(NasaApiTests.java:252)
	at sun.reflect.NativeMethodAccessorImpl.invoke0(Native Method)
	at sun.reflect.NativeMethodAccessorImpl.invoke(NativeMethodAccessorImpl.java:62)
	at sun.reflect.DelegatingMethodAccessorImpl.invoke(DelegatingMethodAccessorImpl.java:43)
	at java.lang.reflect.Method.invoke(Method.java:498)
	at org.testng.internal.MethodInvocationHelper.invokeMethod(MethodInvocationHelper.java:108)
	at org.testng.internal.MethodInvocationHelper$1.runTestMethod(MethodInvocationHelper.java:209)
	at org.springframework.test.context.testng.AbstractTestNGSpringContextTests.run(AbstractTestNGSpringContextTests.java:175)
	at org.testng.internal.MethodInvocationHelper.invokeHookable(MethodInvocationHelper.java:221)
	at org.testng.internal.Invoker.invokeMethod(Invoker.java:657)
	at org.testng.internal.Invoker.invokeTestMethod(Invoker.java:869)
	at org.testng.internal.Invoker.invokeTestMethods(Invoker.java:1193)
	at org.testng.internal.TestMethodWorker.invokeTestMethods(TestMethodWorker.java:126)
	at org.testng.internal.TestMethodWorker.run(TestMethodWorker.java:109)
	at java.util.concurrent.ThreadPoolExecutor.runWorker(ThreadPoolExecutor.java:1142)
	at java.util.concurrent.ThreadPoolExecutor$Worker.run(ThreadPoolExecutor.java:617)
	at java.lang.Thread.run(Thread.java:745)
]]>
    </error>
  </testcase> <!-- searchTestWithLimitValue -->
  <testcase name="searchTestResponseCode" time="0.037" classname="gov.nasa.tests.NasaApiTests">
    <error type="org.springframework.web.client.HttpClientErrorException" message="429 null">
      <![CDATA[org.springframework.web.client.HttpClientErrorException: 429 null
	at org.springframework.web.client.DefaultResponseErrorHandler.handleError(DefaultResponseErrorHandler.java:63)
	at org.springframework.web.client.RestTemplate.handleResponse(RestTemplate.java:700)
	at org.springframework.web.client.RestTemplate.doExecute(RestTemplate.java:653)
	at org.springframework.web.client.RestTemplate.execute(RestTemplate.java:628)
	at org.springframework.web.client.RestTemplate.exchange(RestTemplate.java:590)
	at gov.nasa.tests.support.api.ApiService.getStatusCode(ApiService.java:47)
	at gov.nasa.tests.service.NasaSoundApiService.getResponseCode(NasaSoundApiService.java:74)
	at gov.nasa.tests.NasaApiTests.searchTestResponseCode(NasaApiTests.java:223)
	at sun.reflect.NativeMethodAccessorImpl.invoke0(Native Method)
	at sun.reflect.NativeMethodAccessorImpl.invoke(NativeMethodAccessorImpl.java:62)
	at sun.reflect.DelegatingMethodAccessorImpl.invoke(DelegatingMethodAccessorImpl.java:43)
	at java.lang.reflect.Method.invoke(Method.java:498)
	at org.testng.internal.MethodInvocationHelper.invokeMethod(MethodInvocationHelper.java:108)
	at org.testng.internal.MethodInvocationHelper$1.runTestMethod(MethodInvocationHelper.java:209)
	at org.springframework.test.context.testng.AbstractTestNGSpringContextTests.run(AbstractTestNGSpringContextTests.java:175)
	at org.testng.internal.MethodInvocationHelper.invokeHookable(MethodInvocationHelper.java:221)
	at org.testng.internal.Invoker.invokeMethod(Invoker.java:657)
	at org.testng.internal.Invoker.invokeTestMethod(Invoker.java:869)
	at org.testng.internal.Invoker.invokeTestMethods(Invoker.java:1193)
	at org.testng.internal.TestMethodWorker.invokeTestMethods(TestMethodWorker.java:126)
	at org.testng.internal.TestMethodWorker.run(TestMethodWorker.java:109)
	at java.util.concurrent.ThreadPoolExecutor.runWorker(ThreadPoolExecutor.java:1142)
	at java.util.concurrent.ThreadPoolExecutor$Worker.run(ThreadPoolExecutor.java:617)
	at java.lang.Thread.run(Thread.java:745)
]]>
    </error>
  </testcase> <!-- searchTestResponseCode -->
  <testcase name="limitTestValue" time="0.042" classname="gov.nasa.tests.NasaApiTests">
    <error type="org.springframework.web.client.HttpClientErrorException" message="429 null">
      <![CDATA[org.springframework.web.client.HttpClientErrorException: 429 null
	at org.springframework.web.client.DefaultResponseErrorHandler.handleError(DefaultResponseErrorHandler.java:63)
	at org.springframework.web.client.RestTemplate.handleResponse(RestTemplate.java:700)
	at org.springframework.web.client.RestTemplate.doExecute(RestTemplate.java:653)
	at org.springframework.web.client.RestTemplate.execute(RestTemplate.java:628)
	at org.springframework.web.client.RestTemplate.exchange(RestTemplate.java:590)
	at gov.nasa.tests.support.api.ApiService.getResponse(ApiService.java:35)
	at gov.nasa.tests.service.NasaSoundApiService.getResponse(NasaSoundApiService.java:42)
	at gov.nasa.tests.NasaApiTests.limitTestValue(NasaApiTests.java:82)
	at sun.reflect.NativeMethodAccessorImpl.invoke0(Native Method)
	at sun.reflect.NativeMethodAccessorImpl.invoke(NativeMethodAccessorImpl.java:62)
	at sun.reflect.DelegatingMethodAccessorImpl.invoke(DelegatingMethodAccessorImpl.java:43)
	at java.lang.reflect.Method.invoke(Method.java:498)
	at org.testng.internal.MethodInvocationHelper.invokeMethod(MethodInvocationHelper.java:108)
	at org.testng.internal.MethodInvocationHelper$1.runTestMethod(MethodInvocationHelper.java:209)
	at org.springframework.test.context.testng.AbstractTestNGSpringContextTests.run(AbstractTestNGSpringContextTests.java:175)
	at org.testng.internal.MethodInvocationHelper.invokeHookable(MethodInvocationHelper.java:221)
	at org.testng.internal.Invoker.invokeMethod(Invoker.java:657)
	at org.testng.internal.Invoker.invokeTestMethod(Invoker.java:869)
	at org.testng.internal.Invoker.invokeTestMethods(Invoker.java:1193)
	at org.testng.internal.TestMethodWorker.invokeTestMethods(TestMethodWorker.java:126)
	at org.testng.internal.TestMethodWorker.run(TestMethodWorker.java:109)
	at java.util.concurrent.ThreadPoolExecutor.runWorker(ThreadPoolExecutor.java:1142)
	at java.util.concurrent.ThreadPoolExecutor$Worker.run(ThreadPoolExecutor.java:617)
	at java.lang.Thread.run(Thread.java:745)
]]>
    </error>
  </testcase> <!-- limitTestValue -->
  <testcase name="validateJsonSchemaAndDataTypeBySerializingAndDeserializing" time="0.055" classname="gov.nasa.tests.NasaApiTests">
    <error type="org.springframework.web.client.HttpClientErrorException" message="429 null">
      <![CDATA[org.springframework.web.client.HttpClientErrorException: 429 null
	at org.springframework.web.client.DefaultResponseErrorHandler.handleError(DefaultResponseErrorHandler.java:63)
	at org.springframework.web.client.RestTemplate.handleResponse(RestTemplate.java:700)
	at org.springframework.web.client.RestTemplate.doExecute(RestTemplate.java:653)
	at org.springframework.web.client.RestTemplate.execute(RestTemplate.java:628)
	at org.springframework.web.client.RestTemplate.exchange(RestTemplate.java:590)
	at gov.nasa.tests.support.api.ApiService.getResponse(ApiService.java:35)
	at gov.nasa.tests.service.NasaSoundApiService.getResponseAsString(NasaSoundApiService.java:26)
	at gov.nasa.tests.NasaApiTests.validateJsonSchemaAndDataTypeBySerializingAndDeserializing(NasaApiTests.java:314)
	at sun.reflect.NativeMethodAccessorImpl.invoke0(Native Method)
	at sun.reflect.NativeMethodAccessorImpl.invoke(NativeMethodAccessorImpl.java:62)
	at sun.reflect.DelegatingMethodAccessorImpl.invoke(DelegatingMethodAccessorImpl.java:43)
	at java.lang.reflect.Method.invoke(Method.java:498)
	at org.testng.internal.MethodInvocationHelper.invokeMethod(MethodInvocationHelper.java:108)
	at org.testng.internal.MethodInvocationHelper$1.runTestMethod(MethodInvocationHelper.java:209)
	at org.springframework.test.context.testng.AbstractTestNGSpringContextTests.run(AbstractTestNGSpringContextTests.java:175)
	at org.testng.internal.MethodInvocationHelper.invokeHookable(MethodInvocationHelper.java:221)
	at org.testng.internal.Invoker.invokeMethod(Invoker.java:657)
	at org.testng.internal.Invoker.invokeTestMethod(Invoker.java:869)
	at org.testng.internal.Invoker.invokeTestMethods(Invoker.java:1193)
	at org.testng.internal.TestMethodWorker.invokeTestMethods(TestMethodWorker.java:126)
	at org.testng.internal.TestMethodWorker.run(TestMethodWorker.java:109)
	at java.util.concurrent.ThreadPoolExecutor.runWorker(ThreadPoolExecutor.java:1142)
	at java.util.concurrent.ThreadPoolExecutor$Worker.run(ThreadPoolExecutor.java:617)
	at java.lang.Thread.run(Thread.java:745)
]]>
    </error>
  </testcase> <!-- validateJsonSchemaAndDataTypeBySerializingAndDeserializing -->
  <testcase name="limitTestResponseCode" time="1.032" classname="gov.nasa.tests.NasaApiTests">
    <error type="org.springframework.web.client.HttpClientErrorException" message="403 Forbidden">
      <![CDATA[org.springframework.web.client.HttpClientErrorException: 403 Forbidden
	at org.springframework.web.client.DefaultResponseErrorHandler.handleError(DefaultResponseErrorHandler.java:63)
	at org.springframework.web.client.RestTemplate.handleResponse(RestTemplate.java:700)
	at org.springframework.web.client.RestTemplate.doExecute(RestTemplate.java:653)
	at org.springframework.web.client.RestTemplate.execute(RestTemplate.java:628)
	at org.springframework.web.client.RestTemplate.exchange(RestTemplate.java:590)
	at gov.nasa.tests.support.api.ApiService.getStatusCode(ApiService.java:47)
	at gov.nasa.tests.service.NasaSoundApiService.getResponseCode(NasaSoundApiService.java:65)
	at gov.nasa.tests.NasaApiTests.limitTestResponseCode(NasaApiTests.java:137)
	at sun.reflect.NativeMethodAccessorImpl.invoke0(Native Method)
	at sun.reflect.NativeMethodAccessorImpl.invoke(NativeMethodAccessorImpl.java:62)
	at sun.reflect.DelegatingMethodAccessorImpl.invoke(DelegatingMethodAccessorImpl.java:43)
	at java.lang.reflect.Method.invoke(Method.java:498)
	at org.testng.internal.MethodInvocationHelper.invokeMethod(MethodInvocationHelper.java:108)
	at org.testng.internal.MethodInvocationHelper$1.runTestMethod(MethodInvocationHelper.java:209)
	at org.springframework.test.context.testng.AbstractTestNGSpringContextTests.run(AbstractTestNGSpringContextTests.java:175)
	at org.testng.internal.MethodInvocationHelper.invokeHookable(MethodInvocationHelper.java:221)
	at org.testng.internal.Invoker.invokeMethod(Invoker.java:657)
	at org.testng.internal.Invoker.invokeTestMethod(Invoker.java:869)
	at org.testng.internal.Invoker.invokeTestMethods(Invoker.java:1193)
	at org.testng.internal.TestMethodWorker.invokeTestMethods(TestMethodWorker.java:126)
	at org.testng.internal.TestMethodWorker.run(TestMethodWorker.java:109)
	at java.util.concurrent.ThreadPoolExecutor.runWorker(ThreadPoolExecutor.java:1142)
	at java.util.concurrent.ThreadPoolExecutor$Worker.run(ThreadPoolExecutor.java:617)
	at java.lang.Thread.run(Thread.java:745)
]]>
    </error>
  </testcase> <!-- limitTestResponseCode -->
  <testcase name="apiKeyTestResponseCode" time="2.923" classname="gov.nasa.tests.NasaApiTests">
    <error type="org.springframework.web.client.HttpClientErrorException" message="403 Forbidden">
      <![CDATA[org.springframework.web.client.HttpClientErrorException: 403 Forbidden
	at org.springframework.web.client.DefaultResponseErrorHandler.handleError(DefaultResponseErrorHandler.java:63)
	at org.springframework.web.client.RestTemplate.handleResponse(RestTemplate.java:700)
	at org.springframework.web.client.RestTemplate.doExecute(RestTemplate.java:653)
	at org.springframework.web.client.RestTemplate.execute(RestTemplate.java:628)
	at org.springframework.web.client.RestTemplate.exchange(RestTemplate.java:590)
	at gov.nasa.tests.support.api.ApiService.getStatusCode(ApiService.java:47)
	at gov.nasa.tests.service.NasaSoundApiService.getResponseCode(NasaSoundApiService.java:65)
	at gov.nasa.tests.NasaApiTests.apiKeyTestResponseCode(NasaApiTests.java:159)
	at sun.reflect.NativeMethodAccessorImpl.invoke0(Native Method)
	at sun.reflect.NativeMethodAccessorImpl.invoke(NativeMethodAccessorImpl.java:62)
	at sun.reflect.DelegatingMethodAccessorImpl.invoke(DelegatingMethodAccessorImpl.java:43)
	at java.lang.reflect.Method.invoke(Method.java:498)
	at org.testng.internal.MethodInvocationHelper.invokeMethod(MethodInvocationHelper.java:108)
	at org.testng.internal.MethodInvocationHelper$1.runTestMethod(MethodInvocationHelper.java:209)
	at org.springframework.test.context.testng.AbstractTestNGSpringContextTests.run(AbstractTestNGSpringContextTests.java:175)
	at org.testng.internal.MethodInvocationHelper.invokeHookable(MethodInvocationHelper.java:221)
	at org.testng.internal.Invoker.invokeMethod(Invoker.java:657)
	at org.testng.internal.Invoker.invokeTestMethod(Invoker.java:869)
	at org.testng.internal.Invoker.invokeTestMethods(Invoker.java:1193)
	at org.testng.internal.TestMethodWorker.invokeTestMethods(TestMethodWorker.java:126)
	at org.testng.internal.TestMethodWorker.run(TestMethodWorker.java:109)
	at java.util.concurrent.ThreadPoolExecutor.runWorker(ThreadPoolExecutor.java:1142)
	at java.util.concurrent.ThreadPoolExecutor$Worker.run(ThreadPoolExecutor.java:617)
	at java.lang.Thread.run(Thread.java:745)
]]>
    </error>
  </testcase> <!-- apiKeyTestResponseCode -->
</testsuite> <!-- gov.nasa.tests.NasaApiTests -->
