<?xml version="1.0" encoding="UTF-8"?>
<testsuite xmlns:xsi="http://www.w3.org/2001/XMLSchema-instance" xsi:noNamespaceSchemaLocation="https://maven.apache.org/surefire/maven-surefire-plugin/xsd/surefire-test-report.xsd" name="TestSuite" time="5.868" tests="8" errors="0" skipped="0" failures="8">
  <properties>
    <property name="java.runtime.name" value="Java(TM) SE Runtime Environment"/>
    <property name="sun.boot.library.path" value="C:\Program Files\Java\jdk1.8.0_102\jre\bin"/>
    <property name="java.vm.version" value="25.102-b14"/>
    <property name="java.vm.vendor" value="Oracle Corporation"/>
    <property name="maven.multiModuleProjectDirectory" value="C:\Users\ahsan13usa\Downloads\projectnasaxyz\projectnasaxyz"/>
    <property name="java.vendor.url" value="http://java.oracle.com/"/>
    <property name="path.separator" value=";"/>
    <property name="guice.disable.misplaced.annotation.check" value="true"/>
    <property name="java.vm.name" value="Java HotSpot(TM) 64-Bit Server VM"/>
    <property name="file.encoding.pkg" value="sun.io"/>
    <property name="user.script" value=""/>
    <property name="user.country" value="US"/>
    <property name="sun.java.launcher" value="SUN_STANDARD"/>
    <property name="sun.os.patch.level" value=""/>
    <property name="java.vm.specification.name" value="Java Virtual Machine Specification"/>
    <property name="user.dir" value="C:\Users\ahsan13usa\Downloads\projectnasaxyz\projectnasaxyz"/>
    <property name="forkCount" value="0"/>
    <property name="groups" value="regression"/>
    <property name="java.runtime.version" value="1.8.0_102-b14"/>
    <property name="java.awt.graphicsenv" value="sun.awt.Win32GraphicsEnvironment"/>
    <property name="basedir" value="C:\Users\ahsan13usa\Downloads\projectnasaxyz\projectnasaxyz"/>
    <property name="java.endorsed.dirs" value="C:\Program Files\Java\jdk1.8.0_102\jre\lib\endorsed"/>
    <property name="os.arch" value="amd64"/>
    <property name="java.io.tmpdir" value="C:\Users\AHSAN1~1\AppData\Local\Temp\"/>
    <property name="line.separator" value="&#10;"/>
    <property name="java.vm.specification.vendor" value="Oracle Corporation"/>
    <property name="user.variant" value=""/>
    <property name="os.name" value="Windows 10"/>
    <property name="classworlds.conf" value="C:\apache-maven-3.5.0\bin\..\bin\m2.conf"/>
    <property name="sun.jnu.encoding" value="Cp1252"/>
    <property name="java.library.path" value="C:\Program Files\Java\jdk1.8.0_102\bin;C:\WINDOWS\Sun\Java\bin;C:\WINDOWS\system32;C:\WINDOWS;C:\WINDOWS\system32;C:\WINDOWS;C:\WINDOWS\System32\Wbem;C:\WINDOWS\System32\WindowsPowerShell\v1.0\;C:\Program Files\Java\jdk1.8.0_102\bin;C:\Program Files (x86)\Skype\Phone\;C:\Program Files\PuTTY\;C:\Program Files\Java\jdk1.8.0_144\bin;C:\apache-maven-3.5.0\bin;C:\Users\ahsan13usa\AppData\Local\Microsoft\WindowsApps;;."/>
    <property name="surefire.test.class.path" value="C:\Users\ahsan13usa\Downloads\projectnasaxyz\projectnasaxyz\target\test-classes;C:\Users\ahsan13usa\Downloads\projectnasaxyz\projectnasaxyz\target\classes;C:\Users\ahsan13usa\.m2\repository\org\springframework\spring-core\4.3.9.RELEASE\spring-core-4.3.9.RELEASE.jar;C:\Users\ahsan13usa\.m2\repository\commons-logging\commons-logging\1.2\commons-logging-1.2.jar;C:\Users\ahsan13usa\.m2\repository\org\springframework\spring-web\4.3.9.RELEASE\spring-web-4.3.9.RELEASE.jar;C:\Users\ahsan13usa\.m2\repository\org\springframework\spring-aop\4.3.9.RELEASE\spring-aop-4.3.9.RELEASE.jar;C:\Users\ahsan13usa\.m2\repository\org\springframework\spring-beans\4.3.9.RELEASE\spring-beans-4.3.9.RELEASE.jar;C:\Users\ahsan13usa\.m2\repository\org\springframework\spring-context\4.3.9.RELEASE\spring-context-4.3.9.RELEASE.jar;C:\Users\ahsan13usa\.m2\repository\org\springframework\spring-expression\4.3.9.RELEASE\spring-expression-4.3.9.RELEASE.jar;C:\Users\ahsan13usa\.m2\repository\org\springframework\spring-test\4.3.9.RELEASE\spring-test-4.3.9.RELEASE.jar;C:\Users\ahsan13usa\.m2\repository\com\fasterxml\jackson\core\jackson-databind\2.8.9\jackson-databind-2.8.9.jar;C:\Users\ahsan13usa\.m2\repository\com\fasterxml\jackson\core\jackson-annotations\2.8.0\jackson-annotations-2.8.0.jar;C:\Users\ahsan13usa\.m2\repository\com\fasterxml\jackson\core\jackson-core\2.8.9\jackson-core-2.8.9.jar;C:\Users\ahsan13usa\.m2\repository\com\google\code\gson\gson\2.8.1\gson-2.8.1.jar;C:\Users\ahsan13usa\.m2\repository\org\testng\testng\6.11\testng-6.11.jar;C:\Users\ahsan13usa\.m2\repository\com\beust\jcommander\1.64\jcommander-1.64.jar;C:\Users\ahsan13usa\.m2\repository\org\yaml\snakeyaml\1.17\snakeyaml-1.17.jar;C:\Users\ahsan13usa\.m2\repository\org\seleniumhq\selenium\selenium-server\3.4.0\selenium-server-3.4.0.jar;C:\Users\ahsan13usa\.m2\repository\org\seleniumhq\selenium\selenium-java\3.4.0\selenium-java-3.4.0.jar;C:\Users\ahsan13usa\.m2\repository\org\seleniumhq\selenium\selenium-api\3.4.0\selenium-api-3.4.0.jar;C:\Users\ahsan13usa\.m2\repository\org\seleniumhq\selenium\selenium-chrome-driver\3.4.0\selenium-chrome-driver-3.4.0.jar;C:\Users\ahsan13usa\.m2\repository\org\seleniumhq\selenium\selenium-edge-driver\3.4.0\selenium-edge-driver-3.4.0.jar;C:\Users\ahsan13usa\.m2\repository\org\seleniumhq\selenium\selenium-firefox-driver\3.4.0\selenium-firefox-driver-3.4.0.jar;C:\Users\ahsan13usa\.m2\repository\org\seleniumhq\selenium\selenium-ie-driver\3.4.0\selenium-ie-driver-3.4.0.jar;C:\Users\ahsan13usa\.m2\repository\org\seleniumhq\selenium\selenium-opera-driver\3.4.0\selenium-opera-driver-3.4.0.jar;C:\Users\ahsan13usa\.m2\repository\org\seleniumhq\selenium\selenium-remote-driver\3.4.0\selenium-remote-driver-3.4.0.jar;C:\Users\ahsan13usa\.m2\repository\org\seleniumhq\selenium\selenium-safari-driver\3.4.0\selenium-safari-driver-3.4.0.jar;C:\Users\ahsan13usa\.m2\repository\org\seleniumhq\selenium\selenium-support\3.4.0\selenium-support-3.4.0.jar;C:\Users\ahsan13usa\.m2\repository\cglib\cglib-nodep\3.2.4\cglib-nodep-3.2.4.jar;C:\Users\ahsan13usa\.m2\repository\org\apache\commons\commons-exec\1.3\commons-exec-1.3.jar;C:\Users\ahsan13usa\.m2\repository\org\apache\commons\commons-lang3\3.5\commons-lang3-3.5.jar;C:\Users\ahsan13usa\.m2\repository\commons-codec\commons-codec\1.10\commons-codec-1.10.jar;C:\Users\ahsan13usa\.m2\repository\commons-io\commons-io\2.5\commons-io-2.5.jar;C:\Users\ahsan13usa\.m2\repository\org\w3c\css\sac\1.3\sac-1.3.jar;C:\Users\ahsan13usa\.m2\repository\net\sourceforge\cssparser\cssparser\0.9.22\cssparser-0.9.22.jar;C:\Users\ahsan13usa\.m2\repository\com\google\guava\guava\21.0\guava-21.0.jar;C:\Users\ahsan13usa\.m2\repository\org\hamcrest\hamcrest-core\1.3\hamcrest-core-1.3.jar;C:\Users\ahsan13usa\.m2\repository\net\sourceforge\htmlunit\htmlunit\2.26\htmlunit-2.26.jar;C:\Users\ahsan13usa\.m2\repository\net\sourceforge\htmlunit\htmlunit-core-js\2.26\htmlunit-core-js-2.26.jar;C:\Users\ahsan13usa\.m2\repository\net\sourceforge\htmlunit\neko-htmlunit\2.25\neko-htmlunit-2.25.jar;C:\Users\ahsan13usa\.m2\repository\org\apache\httpcomponents\httpclient\4.5.3\httpclient-4.5.3.jar;C:\Users\ahsan13usa\.m2\repository\org\apache\httpcomponents\httpcore\4.4.6\httpcore-4.4.6.jar;C:\Users\ahsan13usa\.m2\repository\org\apache\httpcomponents\httpmime\4.5.3\httpmime-4.5.3.jar;C:\Users\ahsan13usa\.m2\repository\net\jcip\jcip-annotations\1.0\jcip-annotations-1.0.jar;C:\Users\ahsan13usa\.m2\repository\org\seleniumhq\selenium\jetty-repacked\9.4.1.v20170120\jetty-repacked-9.4.1.v20170120.jar;C:\Users\ahsan13usa\.m2\repository\org\eclipse\jetty\jetty-io\9.4.1.v20170120\jetty-io-9.4.1.v20170120.jar;C:\Users\ahsan13usa\.m2\repository\org\eclipse\jetty\jetty-util\9.4.1.v20170120\jetty-util-9.4.1.v20170120.jar;C:\Users\ahsan13usa\.m2\repository\net\java\dev\jna\jna\4.1.0\jna-4.1.0.jar;C:\Users\ahsan13usa\.m2\repository\net\java\dev\jna\jna-platform\4.1.0\jna-platform-4.1.0.jar;C:\Users\ahsan13usa\.m2\repository\junit\junit\4.12\junit-4.12.jar;C:\Users\ahsan13usa\.m2\repository\com\codeborne\phantomjsdriver\1.4.0\phantomjsdriver-1.4.0.jar;C:\Users\ahsan13usa\.m2\repository\org\seleniumhq\selenium\htmlunit-driver\2.26\htmlunit-driver-2.26.jar;C:\Users\ahsan13usa\.m2\repository\javax\servlet\javax.servlet-api\3.1.0\javax.servlet-api-3.1.0.jar;C:\Users\ahsan13usa\.m2\repository\org\eclipse\jetty\websocket\websocket-api\9.4.3.v20170317\websocket-api-9.4.3.v20170317.jar;C:\Users\ahsan13usa\.m2\repository\org\eclipse\jetty\websocket\websocket-client\9.4.3.v20170317\websocket-client-9.4.3.v20170317.jar;C:\Users\ahsan13usa\.m2\repository\org\eclipse\jetty\jetty-client\9.4.3.v20170317\jetty-client-9.4.3.v20170317.jar;C:\Users\ahsan13usa\.m2\repository\org\eclipse\jetty\jetty-http\9.4.3.v20170317\jetty-http-9.4.3.v20170317.jar;C:\Users\ahsan13usa\.m2\repository\org\eclipse\jetty\websocket\websocket-common\9.4.3.v20170317\websocket-common-9.4.3.v20170317.jar;C:\Users\ahsan13usa\.m2\repository\xalan\serializer\2.7.2\serializer-2.7.2.jar;C:\Users\ahsan13usa\.m2\repository\xalan\xalan\2.7.2\xalan-2.7.2.jar;C:\Users\ahsan13usa\.m2\repository\xerces\xercesImpl\2.11.0\xercesImpl-2.11.0.jar;C:\Users\ahsan13usa\.m2\repository\xml-apis\xml-apis\1.4.01\xml-apis-1.4.01.jar;C:\Users\ahsan13usa\.m2\repository\org\apache\maven\surefire\surefire-testng-utils\2.20\surefire-testng-utils-2.20.jar;C:\Users\ahsan13usa\.m2\repository\org\apache\maven\surefire\surefire-grouper\2.20\surefire-grouper-2.20.jar;"/>
    <property name="maven.conf" value="C:\apache-maven-3.5.0\bin\../conf"/>
    <property name="java.specification.name" value="Java Platform API Specification"/>
    <property name="java.class.version" value="52.0"/>
    <property name="sun.management.compiler" value="HotSpot 64-Bit Tiered Compilers"/>
    <property name="os.version" value="10.0"/>
    <property name="library.jansi.path" value="C:\apache-maven-3.5.0\bin\..\lib\jansi-native\windows64"/>
    <property name="user.home" value="C:\Users\ahsan13usa"/>
    <property name="user.timezone" value="America/New_York"/>
    <property name="java.awt.printerjob" value="sun.awt.windows.WPrinterJob"/>
    <property name="java.specification.version" value="1.8"/>
    <property name="file.encoding" value="Cp1252"/>
    <property name="user.name" value="ahsan13usa"/>
    <property name="java.class.path" value="C:\apache-maven-3.5.0\bin\..\boot\plexus-classworlds-2.5.2.jar"/>
    <property name="maven.surefire.debug" value="true"/>
    <property name="java.vm.specification.version" value="1.8"/>
    <property name="sun.arch.data.model" value="64"/>
    <property name="java.home" value="C:\Program Files\Java\jdk1.8.0_102\jre"/>
    <property name="sun.java.command" value="org.codehaus.plexus.classworlds.launcher.Launcher clean test -Dmaven.surefire.debug -U -DforkCount=0 -Dgroups=regression"/>
    <property name="java.specification.vendor" value="Oracle Corporation"/>
    <property name="user.language" value="en"/>
    <property name="awt.toolkit" value="sun.awt.windows.WToolkit"/>
    <property name="java.vm.info" value="mixed mode"/>
    <property name="java.version" value="1.8.0_102"/>
    <property name="java.ext.dirs" value="C:\Program Files\Java\jdk1.8.0_102\jre\lib\ext;C:\WINDOWS\Sun\Java\lib\ext"/>
    <property name="sun.boot.class.path" value="C:\Program Files\Java\jdk1.8.0_102\jre\lib\resources.jar;C:\Program Files\Java\jdk1.8.0_102\jre\lib\rt.jar;C:\Program Files\Java\jdk1.8.0_102\jre\lib\sunrsasign.jar;C:\Program Files\Java\jdk1.8.0_102\jre\lib\jsse.jar;C:\Program Files\Java\jdk1.8.0_102\jre\lib\jce.jar;C:\Program Files\Java\jdk1.8.0_102\jre\lib\charsets.jar;C:\Program Files\Java\jdk1.8.0_102\jre\lib\jfr.jar;C:\Program Files\Java\jdk1.8.0_102\jre\classes"/>
    <property name="webdriver.chrome.driver" value="&gt;C:\Users\ahsan13usa\Downloads\projectnasaxyz\projectnasaxyz\target/"/>
    <property name="sun.stderr.encoding" value="cp437"/>
    <property name="java.vendor" value="Oracle Corporation"/>
    <property name="maven.home" value="C:\apache-maven-3.5.0\bin\.."/>
    <property name="usedefaultlisteners" value="true"/>
    <property name="localRepository" value="C:\Users\ahsan13usa\.m2\repository"/>
    <property name="file.separator" value="\"/>
    <property name="java.vendor.url.bug" value="http://bugreport.sun.com/bugreport/"/>
    <property name="sun.cpu.endian" value="little"/>
    <property name="sun.io.unicode.encoding" value="UnicodeLittle"/>
    <property name="sun.stdout.encoding" value="cp437"/>
    <property name="sun.desktop" value="windows"/>
    <property name="sun.cpu.isalist" value="amd64"/>
  </properties>
  <testcase name="apiKeyTestResponseCode" classname="gov.nasa.tests.NasaApiTests" time="2.925">
    <failure message="403 Forbidden" type="org.springframework.web.client.HttpClientErrorException">org.springframework.web.client.HttpClientErrorException: 403 Forbidden
	at gov.nasa.tests.NasaApiTests.apiKeyTestResponseCode(NasaApiTests.java:159)
</failure>
    <system-out><![CDATA[...
... TestNG 6.11 by Cédric Beust (cedric@beust.com)
...

]]></system-out>
    <system-err><![CDATA[Aug 07, 2017 12:56:37 AM org.springframework.test.context.support.DefaultTestContextBootstrapper getTestExecutionListeners
INFO: Using TestExecutionListeners: [org.springframework.test.context.web.ServletTestExecutionListener@51eb0e84, org.springframework.test.context.support.DirtiesContextBeforeModesTestExecutionListener@4ce267cc, org.springframework.test.context.support.DependencyInjectionTestExecutionListener@2eebce87, org.springframework.test.context.support.DirtiesContextTestExecutionListener@6ee37ca7]
Aug 07, 2017 12:56:37 AM org.springframework.test.context.support.DefaultTestContextBootstrapper getTestExecutionListeners
INFO: Using TestExecutionListeners: [org.springframework.test.context.web.ServletTestExecutionListener@586843bc, org.springframework.test.context.support.DirtiesContextBeforeModesTestExecutionListener@17134190, org.springframework.test.context.support.DependencyInjectionTestExecutionListener@7d8b66d9, org.springframework.test.context.support.DirtiesContextTestExecutionListener@5599b5bb]
Aug 07, 2017 12:56:37 AM org.springframework.test.context.support.DefaultTestContextBootstrapper getTestExecutionListeners
INFO: Using TestExecutionListeners: [org.springframework.test.context.web.ServletTestExecutionListener@1182413a, org.springframework.test.context.support.DirtiesContextBeforeModesTestExecutionListener@4d43a1b7, org.springframework.test.context.support.DependencyInjectionTestExecutionListener@5b14f482, org.springframework.test.context.support.DirtiesContextTestExecutionListener@19705650]
Aug 07, 2017 12:56:37 AM org.springframework.beans.factory.xml.XmlBeanDefinitionReader loadBeanDefinitions
INFO: Loading XML bean definitions from class path resource [spring-test-config.xml]
Aug 07, 2017 12:56:38 AM org.springframework.context.support.GenericApplicationContext prepareRefresh
INFO: Refreshing org.springframework.context.support.GenericApplicationContext@1f5b310: startup date [Mon Aug 07 00:56:38 EDT 2017]; root of context hierarchy
Aug 07, 2017 12:56:38 AM org.springframework.test.context.support.DefaultTestContextBootstrapper getTestExecutionListeners
INFO: Using TestExecutionListeners: [org.springframework.test.context.web.ServletTestExecutionListener@77bf9481, org.springframework.test.context.support.DirtiesContextBeforeModesTestExecutionListener@517236b5, org.springframework.test.context.support.DependencyInjectionTestExecutionListener@2740f58d, org.springframework.test.context.support.DirtiesContextTestExecutionListener@27a2237a]
]]></system-err>
  </testcase>
  <testcase name="limitTestResponseCode" classname="gov.nasa.tests.NasaApiTests" time="1.032">
    <failure message="403 Forbidden" type="org.springframework.web.client.HttpClientErrorException">org.springframework.web.client.HttpClientErrorException: 403 Forbidden
	at gov.nasa.tests.NasaApiTests.limitTestResponseCode(NasaApiTests.java:137)
</failure>
  </testcase>
  <testcase name="limitTestValue" classname="gov.nasa.tests.NasaApiTests" time="0.04">
    <failure message="429 null" type="org.springframework.web.client.HttpClientErrorException">org.springframework.web.client.HttpClientErrorException: 429 null
	at gov.nasa.tests.NasaApiTests.limitTestValue(NasaApiTests.java:82)
</failure>
  </testcase>
  <testcase name="searchTestResponseCode" classname="gov.nasa.tests.NasaApiTests" time="0.035">
    <failure message="429 null" type="org.springframework.web.client.HttpClientErrorException">org.springframework.web.client.HttpClientErrorException: 429 null
	at gov.nasa.tests.NasaApiTests.searchTestResponseCode(NasaApiTests.java:223)
</failure>
  </testcase>
  <testcase name="searchTestValue" classname="gov.nasa.tests.NasaApiTests" time="0.056">
    <failure message="429 null" type="org.springframework.web.client.HttpClientErrorException">org.springframework.web.client.HttpClientErrorException: 429 null
	at gov.nasa.tests.NasaApiTests.searchTestValue(NasaApiTests.java:183)
</failure>
  </testcase>
  <testcase name="searchTestWithLimitResponseCode" classname="gov.nasa.tests.NasaApiTests" time="0.087">
    <failure message="429 null" type="org.springframework.web.client.HttpClientErrorException">org.springframework.web.client.HttpClientErrorException: 429 null
	at gov.nasa.tests.NasaApiTests.searchTestWithLimitResponseCode(NasaApiTests.java:290)
</failure>
  </testcase>
  <testcase name="searchTestWithLimitValue" classname="gov.nasa.tests.NasaApiTests" time="0.039">
    <failure message="429 null" type="org.springframework.web.client.HttpClientErrorException">org.springframework.web.client.HttpClientErrorException: 429 null
	at gov.nasa.tests.NasaApiTests.searchTestWithLimitValue(NasaApiTests.java:252)
</failure>
  </testcase>
  <testcase name="validateJsonSchemaAndDataTypeBySerializingAndDeserializing" classname="gov.nasa.tests.NasaApiTests" time="0.055">
    <failure message="429 null" type="org.springframework.web.client.HttpClientErrorException">org.springframework.web.client.HttpClientErrorException: 429 null
	at gov.nasa.tests.NasaApiTests.validateJsonSchemaAndDataTypeBySerializingAndDeserializing(NasaApiTests.java:314)
</failure>
  </testcase>
</testsuite>